# JRE version: OpenJDK Runtime Environment Temurin-17.0.2+8 (17.0.2+8) (build 17.0.2+8)
# Java VM: OpenJDK 64-Bit Server VM Temurin-17.0.2+8 (17.0.2+8, mixed mode, tiered, compressed oops, compressed class ptrs, g1 gc, linux-amd64)
GC Precious Log:
 CPUs: 4 total, 4 available
 Memory: 3760M
 Large Page Support: Disabled
 NUMA Support: Disabled
 Compressed Oops: Enabled (32-bit)
 Heap Region Size: 1M
 Heap Min Capacity: 8M
 Heap Initial Capacity: 60M
 Heap Max Capacity: 942M
 Pre-touch: Disabled
 Parallel Workers: 4
 Concurrent Workers: 1
 Concurrent Refinement Workers: 4
 Periodic GC: Disabled
Heap:
 garbage-first heap   total 50176K, used 26991K [0x00000000c5200000, 0x0000000100000000)
  region size 1024K, 2 young (2048K), 1 survivors (1024K)
 Metaspace       used 62387K, committed 62784K, reserved 1105920K
  class space    used 8183K, committed 8384K, reserved 1048576K
GC Heap History (20 events):
Event: 10,423 GC heap before
{Heap before GC invocations=14 (full 0):
 garbage-first heap   total 46080K, used 33881K [0x00000000c5200000, 0x0000000100000000)
  region size 1024K, 18 young (18432K), 2 survivors (2048K)
 Metaspace       used 43472K, committed 43776K, reserved 1089536K
  class space    used 5634K, committed 5760K, reserved 1048576K
}
Event: 10,432 GC heap after
{Heap after GC invocations=15 (full 0):
 garbage-first heap   total 46080K, used 18626K [0x00000000c5200000, 0x0000000100000000)
  region size 1024K, 2 young (2048K), 2 survivors (2048K)
 Metaspace       used 43472K, committed 43776K, reserved 1089536K
  class space    used 5634K, committed 5760K, reserved 1048576K
}
Event: 11,626 GC heap before
{Heap before GC invocations=15 (full 0):
 garbage-first heap   total 46080K, used 32962K [0x00000000c5200000, 0x0000000100000000)
  region size 1024K, 17 young (17408K), 2 survivors (2048K)
 Metaspace       used 47997K, committed 48256K, reserved 1097728K
  class space    used 6218K, committed 6336K, reserved 1048576K
}
Event: 11,633 GC heap after
{Heap after GC invocations=16 (full 0):
 garbage-first heap   total 46080K, used 20435K [0x00000000c5200000, 0x0000000100000000)
  region size 1024K, 3 young (3072K), 3 survivors (3072K)
 Metaspace       used 47997K, committed 48256K, reserved 1097728K
  class space    used 6218K, committed 6336K, reserved 1048576K
}
Event: 12,241 GC heap before
{Heap before GC invocations=16 (full 0):
 garbage-first heap   total 46080K, used 33747K [0x00000000c5200000, 0x0000000100000000)
  region size 1024K, 17 young (17408K), 3 survivors (3072K)
 Metaspace       used 52017K, committed 52352K, reserved 1097728K
  class space    used 6796K, committed 6976K, reserved 1048576K
}
Event: 12,250 GC heap after
{Heap after GC invocations=17 (full 0):
 garbage-first heap   total 46080K, used 21312K [0x00000000c5200000, 0x0000000100000000)
  region size 1024K, 1 young (1024K), 1 survivors (1024K)
 Metaspace       used 52017K, committed 52352K, reserved 1097728K
  class space    used 6796K, committed 6976K, reserved 1048576K
}
Event: 12,688 GC heap before
{Heap before GC invocations=17 (full 0):
 garbage-first heap   total 46080K, used 34624K [0x00000000c5200000, 0x0000000100000000)
  region size 1024K, 14 young (14336K), 1 survivors (1024K)
 Metaspace       used 54352K, committed 54656K, reserved 1097728K
  class space    used 7140K, committed 7296K, reserved 1048576K
}
Event: 12,693 GC heap after
{Heap after GC invocations=18 (full 0):
 garbage-first heap   total 46080K, used 21706K [0x00000000c5200000, 0x0000000100000000)
  region size 1024K, 2 young (2048K), 2 survivors (2048K)
 Metaspace       used 54352K, committed 54656K, reserved 1097728K
  class space    used 7140K, committed 7296K, reserved 1048576K
}
Event: 13,832 GC heap before
{Heap before GC invocations=19 (full 0):
 garbage-first heap   total 46080K, used 35018K [0x00000000c5200000, 0x0000000100000000)
  region size 1024K, 15 young (15360K), 2 survivors (2048K)
 Metaspace       used 57165K, committed 57536K, reserved 1105920K
  class space    used 7500K, committed 7680K, reserved 1048576K
}
Event: 13,843 GC heap after
{Heap after GC invocations=20 (full 0):
 garbage-first heap   total 46080K, used 22903K [0x00000000c5200000, 0x0000000100000000)
  region size 1024K, 2 young (2048K), 2 survivors (2048K)
 Metaspace       used 57165K, committed 57536K, reserved 1105920K
  class space    used 7500K, committed 7680K, reserved 1048576K
}
Event: 14,166 GC heap before
{Heap before GC invocations=20 (full 0):
 garbage-first heap   total 46080K, used 36215K [0x00000000c5200000, 0x0000000100000000)
  region size 1024K, 15 young (15360K), 2 survivors (2048K)
 Metaspace       used 58160K, committed 58560K, reserved 1105920K
  class space    used 7666K, committed 7872K, reserved 1048576K
}
Event: 14,172 GC heap after
{Heap after GC invocations=21 (full 0):
 garbage-first heap   total 46080K, used 23723K [0x00000000c5200000, 0x0000000100000000)
  region size 1024K, 1 young (1024K), 1 survivors (1024K)
 Metaspace       used 58160K, committed 58560K, reserved 1105920K
  class space    used 7666K, committed 7872K, reserved 1048576K
}
Event: 14,358 GC heap before
{Heap before GC invocations=22 (full 0):
 garbage-first heap   total 50176K, used 36011K [0x00000000c5200000, 0x0000000100000000)
  region size 1024K, 13 young (13312K), 1 survivors (1024K)
 Metaspace       used 58279K, committed 58688K, reserved 1105920K
  class space    used 7673K, committed 7872K, reserved 1048576K
}
Event: 14,361 GC heap after
{Heap after GC invocations=23 (full 0):
 garbage-first heap   total 50176K, used 23921K [0x00000000c5200000, 0x0000000100000000)
  region size 1024K, 2 young (2048K), 2 survivors (2048K)
 Metaspace       used 58279K, committed 58688K, reserved 1105920K
  class space    used 7673K, committed 7872K, reserved 1048576K
}
Event: 14,910 GC heap before
{Heap before GC invocations=23 (full 0):
 garbage-first heap   total 50176K, used 39281K [0x00000000c5200000, 0x0000000100000000)
  region size 1024K, 17 young (17408K), 2 survivors (2048K)
 Metaspace       used 59320K, committed 59712K, reserved 1105920K
  class space    used 7823K, committed 8000K, reserved 1048576K
}
Event: 14,917 GC heap after
{Heap after GC invocations=24 (full 0):
 garbage-first heap   total 50176K, used 25300K [0x00000000c5200000, 0x0000000100000000)
  region size 1024K, 3 young (3072K), 3 survivors (3072K)
 Metaspace       used 59320K, committed 59712K, reserved 1105920K
  class space    used 7823K, committed 8000K, reserved 1048576K
}
Event: 15,442 GC heap before
{Heap before GC invocations=25 (full 0):
 garbage-first heap   total 50176K, used 39636K [0x00000000c5200000, 0x0000000100000000)
  region size 1024K, 17 young (17408K), 3 survivors (3072K)
 Metaspace       used 60733K, committed 61120K, reserved 1105920K
  class space    used 8010K, committed 8192K, reserved 1048576K
}
Event: 15,449 GC heap after
{Heap after GC invocations=26 (full 0):
 garbage-first heap   total 50176K, used 26482K [0x00000000c5200000, 0x0000000100000000)
  region size 1024K, 3 young (3072K), 3 survivors (3072K)
 Metaspace       used 60733K, committed 61120K, reserved 1105920K
  class space    used 8010K, committed 8192K, reserved 1048576K
}
Event: 539,668 GC heap before
{Heap before GC invocations=26 (full 0):
 garbage-first heap   total 50176K, used 39794K [0x00000000c5200000, 0x0000000100000000)
  region size 1024K, 16 young (16384K), 3 survivors (3072K)
 Metaspace       used 62387K, committed 62784K, reserved 1105920K
  class space    used 8183K, committed 8384K, reserved 1048576K
}
Event: 539,741 GC heap after
{Heap after GC invocations=27 (full 0):
 garbage-first heap   total 50176K, used 26991K [0x00000000c5200000, 0x0000000100000000)
  region size 1024K, 1 young (1024K), 1 survivors (1024K)
 Metaspace       used 62387K, committed 62784K, reserved 1105920K
  class space    used 8183K, committed 8384K, reserved 1048576K
}

